2018-11-20 21:57:06 WARN  Main:35 - no CityID provided, using: 3220838
2018-11-20 21:57:06 INFO  OWMRetriever:49 - Retrieving Weather Data
2018-11-20 21:58:48 WARN  Main:35 - no CityID provided, using: 3220838
2018-11-20 21:58:48 INFO  OWMRetriever:49 - Retrieving Weather Data
2018-11-20 22:04:30 WARN  Main:35 - no CityID provided, using: 3220838
2018-11-20 22:04:30 INFO  OWMRetriever:49 - Retrieving Weather Data
2018-11-20 22:05:51 WARN  Main:35 - no CityID provided, using: 3220838
2018-11-20 22:05:51 INFO  OWMRetriever:49 - Retrieving Weather Data
2018-11-20 22:06:22 WARN  Main:35 - no CityID provided, using: 3220838
2018-11-20 22:06:22 INFO  OWMRetriever:49 - Retrieving Weather Data
2018-11-20 22:55:33 WARN  Main:35 - no CityID provided, using: 3220838
2018-11-20 22:55:33 INFO  OWMRetriever:49 - Retrieving Weather Data
2018-11-20 22:56:55 WARN  Main:35 - no CityID provided, using: 3220838
2018-11-20 22:56:55 INFO  OWMRetriever:49 - Retrieving Weather Data
2018-11-20 23:32:48 WARN  Main:35 - no CityID provided, using: 3220838
2018-11-20 23:32:48 INFO  OWMRetriever:49 - Retrieving Weather Data
2018-11-21 11:05:34 INFO  OWMRetriever:49 - Retrieving Weather Data
2018-11-21 11:07:59 INFO  OWMRetriever:49 - Retrieving Weather Data
2018-11-21 11:08:50 INFO  OWMRetriever:49 - Retrieving Weather Data
2018-11-21 18:13:27 INFO  OWMRetriever:49 - Retrieving Weather Data
2018-11-21 18:23:26 WARN  Main:35 - no CityID provided, using: 3220838
2018-11-21 18:23:26 INFO  OWMRetriever:49 - Retrieving Weather Data
2018-11-21 18:25:39 WARN  Main:35 - no CityID provided, using: 3220838
2018-11-21 18:25:39 INFO  OWMRetriever:49 - Retrieving Weather Data
2018-11-21 18:25:39 INFO  Main:83 - Location: 	Landkreis München, DE
Condition: 	mist,overcast clouds
Temp: 		2,00°C : -0,23°C : -2,00°C
Humidity: 	100%
Pressure: 	1015hPa
Wind: 		2.1km/h South-southeast, Light breeze
2018-11-21 18:27:25 WARN  Main:35 - no CityID provided, using: 3220838
2018-11-21 18:27:25 INFO  OWMRetriever:49 - Retrieving Weather Data
2018-11-21 18:27:26 INFO  Main:83 - Location: 	Landkreis München, DE
Condition: 	mist,overcast clouds
Temp: 		2,00°C : -0,23°C : -2,00°C
Humidity: 	100%
Pressure: 	1015hPa
Wind: 		2.1km/h South-southeast, Light breeze
2018-11-21 18:29:55 INFO  OWMRetriever:49 - Retrieving Weather Data
2018-11-21 18:44:23 INFO  OWMRetriever:49 - Retrieving Weather Data
2018-11-21 18:46:27 INFO  OWMRetriever:49 - Retrieving Weather Data
2018-11-21 18:57:05 INFO  OWMRetriever:73 - Retrieving Weather Data
2018-11-21 19:01:16 INFO  OWMRetriever:49 - Retrieving Weather Data
2018-11-21 19:11:51 WARN  Main:33 - no CityID provided, using: 3220838
2018-11-21 19:11:51 INFO  OWMRetriever:49 - Retrieving Weather Data
2018-11-21 19:11:51 INFO  Main:81 - 
Location: 	Landkreis München, DE
Condition: 	mist,overcast clouds
Temp: 		2,00°C : -0,23°C : -2,00°C
Humidity: 	100%
Pressure: 	1016hPa
Wind: 		2.1km/h East-southeast, Light breeze
2018-11-21 19:28:09 INFO  OWMRetriever:49 - Retrieving Weather Data
2018-11-21 19:31:40 INFO  OWMRetriever:49 - Retrieving Weather Data
2018-11-21 19:32:19 INFO  OWMRetriever:49 - Retrieving Weather Data
2018-11-21 19:33:06 INFO  OWMRetriever:49 - Retrieving Weather Data
2018-11-21 19:36:09 WARN  Main:33 - no CityID provided, using: 3220838
2018-11-21 19:36:09 INFO  OWMRetriever:49 - Retrieving Weather Data
2018-11-21 19:36:10 INFO  Main:81 - 
Location: 	Landkreis München, DE
Condition: 	mist,overcast clouds
Temp: 		2,00°C : -0,23°C : -2,00°C
Humidity: 	100%
Pressure: 	1016hPa
Wind: 		2.1km/h East-southeast, Light breeze
2018-11-21 19:38:14 WARN  Main:33 - no CityID provided, using: 3220838
2018-11-21 19:38:14 INFO  OWMRetriever:49 - Retrieving Weather Data
2018-11-21 19:38:15 INFO  Main:81 - 
Location: 	Landkreis München, DE
Condition: 	mist,overcast clouds
Temp: 		2,00°C : -0,24°C : -2,00°C
Humidity: 	100%
Pressure: 	1016hPa
Wind: 		2.1km/h East-southeast, Light breeze
2018-11-21 19:38:44 INFO  OWMRetriever:49 - Retrieving Weather Data
2018-11-21 19:38:44 INFO  Main:81 - 
Location: 	London, GB
Condition: 	few clouds,few clouds
Temp: 		5,00°C : 3,54°C : 1,00°C
Humidity: 	75%
Pressure: 	1017hPa
Wind: 		3.1km/h East-southeast, Light breeze
2018-11-21 19:40:05 INFO  OWMRetriever:49 - Retrieving Weather Data
2018-11-21 19:41:38 INFO  OWMRetriever:49 - Retrieving Weather Data
2018-11-21 19:41:38 INFO  Main:81 - 
Location: 	London, GB
Condition: 	few clouds,few clouds
Temp: 		5,00°C : 3,54°C : 1,00°C
Humidity: 	75%
Pressure: 	1017hPa
Wind: 		3.1km/h East-southeast, Light breeze
2018-11-21 19:44:22 INFO  OWMRetriever:49 - Retrieving Weather Data
2018-11-21 19:45:48 INFO  OWMRetriever:49 - Retrieving Weather Data
2018-11-21 19:45:49 INFO  Main:80 - 
Location: 	London, GB
Condition: 	few clouds,few clouds
Temp: 		5,00°C : 3,41°C : 1,00°C
Humidity: 	80%
Pressure: 	1018hPa
Wind: 		3.1km/h East-southeast, Light breeze
2018-11-24 01:49:59 INFO  OWMRetriever:49 - Retrieving Weather Data
2018-11-24 01:52:24 INFO  OWMRetriever:49 - Retrieving Weather Data
2018-11-24 01:54:05 WARN  Main:33 - no CityID provided, using: 3220838
2018-11-24 01:54:05 INFO  OWMRetriever:49 - Retrieving Weather Data
2018-11-24 01:54:06 INFO  Main:80 - 
Location: 	Landkreis München, DE
Condition: 	overcast clouds,overcast clouds
Temp: 		4,00°C : 1,98°C : 0,00°C
Humidity: 	93%
Pressure: 	1011hPa
Wind: 		2.6km/h East-northeast, Light breeze
2018-11-24 02:08:15 INFO  OWMRetriever:49 - Retrieving Weather Data
2018-11-24 02:11:10 INFO  OWMRetriever:49 - Retrieving OWMWeather Data
2018-11-24 02:45:26 INFO  OWMRetriever:49 - Retrieving OWMWeather Data
2018-11-24 02:47:07 INFO  OWMRetriever:49 - Retrieving OWMWeather Data
2018-11-24 02:53:09 INFO  OWMRetriever:49 - Retrieving OWMWeather Data
2018-11-24 03:20:12 INFO  OWMRetriever:49 - Retrieving OWMWeather Data
2018-11-24 03:23:06 INFO  OWMRetriever:49 - Retrieving OWMWeather Data
2018-11-24 03:25:10 INFO  OWMRetriever:49 - Retrieving OWMWeather Data
2018-11-24 03:39:34 INFO  OWMRetriever:49 - Retrieving OWMWeather Data
2018-11-24 03:41:17 INFO  OWMRetriever:49 - Retrieving OWMWeather Data
2018-11-24 03:41:40 WARN  Main:31 - no CityID provided, using: 3220838
2018-11-24 03:41:40 INFO  OWMRetriever:49 - Retrieving OWMWeather Data
2018-11-24 03:41:40 INFO  Main:79 - <table class="tg">
  <tr>
    <th class="tg-0lax">City</th>
    <th class="tg-0lax">Landkreis München</th>
    <th class="tg-0lax"></th>
  </tr>
  <tr>
    <td class="tg-0lax">Country</td>
    <td class="tg-0lax">DE</td>
    <td class="tg-0lax"></td>
  </tr>
  <tr>
    <td class="tg-0lax">Condition</td>
    <td class="tg-0lax">light rain</td>
    <td class="tg-0lax"></td>
  </tr>
  <tr>
    <td class="tg-0lax"><br>Temperatur<br></td>
    <td class="tg-0lax">2,14</td>
    <td class="tg-0lax">°C</td>
  </tr>
  <tr>
    <td class="tg-0lax">Windspeed</td>
    <td class="tg-0lax">2.6</td>
    <td class="tg-0lax">km/h</td>
  </tr>
  <tr>
    <td class="tg-0lax">Wind direction</td>
    <td class="tg-0lax">East</td>
    <td class="tg-0lax"></td>
  </tr>
  <tr>
    <td class="tg-0lax">Humidity</td>
    <td class="tg-0lax">93</td>
    <td class="tg-0lax">%</td>
  </tr>
  <tr>
    <td class="tg-0lax">Pressure</td>
    <td class="tg-0lax">1012</td>
    <td class="tg-0lax">hPa</td>
  </tr>
  <tr>
    <td class="tg-0lax">Clouds</td>
    <td class="tg-0lax">overcast clouds</td>
    <td class="tg-0lax"></td>
  </tr>
2018-11-24 03:53:56 INFO  OWMRetriever:49 - Retrieving OWMWeather Data
2018-11-24 03:54:57 INFO  OWMRetriever:49 - Retrieving OWMWeather Data
2018-11-24 03:57:59 INFO  OWMRetriever:49 - Retrieving OWMWeather Data
2018-11-24 03:58:41 WARN  Main:31 - no CityID provided, using: 3220838
2018-11-24 03:58:41 INFO  OWMRetriever:49 - Retrieving OWMWeather Data
2018-11-24 03:58:41 INFO  Main:79 - <table>
  <tr>
    <th>City</th>
    <th>Landkreis München</th>
    <th></th>
  </tr>
  <tr>
    <td>Country</td>
    <td>DE</td>
    <td></td>
  </tr>
  <tr>
    <td>Condition</td>
    <td>light rain</td>
    <td></td>
  </tr>
  <tr>
    <td><br>Temperatur<br></td>
    <td>2,23</td>
    <td>°C</td>
  </tr>
  <tr>
    <td>Windspeed</td>
    <td>3.1</td>
    <td>km/h</td>
  </tr>
  <tr>
    <td>Wind direction</td>
    <td>NorthEast</td>
    <td></td>
  </tr>
  <tr>
    <td>Humidity</td>
    <td>93</td>
    <td>%</td>
  </tr>
  <tr>
    <td>Pressure</td>
    <td>1011</td>
    <td>hPa</td>
  </tr>
  <tr>
    <td>Clouds</td>
    <td>overcast clouds</td>
    <td></td>
  </tr>
</table>
2018-11-24 04:01:10 WARN  Main:31 - no CityID provided, using: 3220838
2018-11-24 04:01:10 INFO  OWMRetriever:49 - Retrieving OWMWeather Data
2018-11-24 04:01:11 INFO  Main:80 - <table>
  <tr>
    <th>City</th>
    <th>Landkreis München</th>
    <th></th>
  </tr>
  <tr>
    <td>Country</td>
    <td>DE</td>
    <td></td>
  </tr>
  <tr>
    <td>Condition</td>
    <td>light rain</td>
    <td></td>
  </tr>
  <tr>
    <td><br>Temperatur<br></td>
    <td>2,23</td>
    <td>°C</td>
  </tr>
  <tr>
    <td>Windspeed</td>
    <td>3.1</td>
    <td>km/h</td>
  </tr>
  <tr>
    <td>Wind direction</td>
    <td>NorthEast</td>
    <td></td>
  </tr>
  <tr>
    <td>Humidity</td>
    <td>93</td>
    <td>%</td>
  </tr>
  <tr>
    <td>Pressure</td>
    <td>1011</td>
    <td>hPa</td>
  </tr>
  <tr>
    <td>Clouds</td>
    <td>overcast clouds</td>
    <td></td>
  </tr>
</table>
2018-11-24 04:01:11 INFO  OWMRetriever:49 - Retrieving OWMWeather Data
2018-11-24 04:01:11 INFO  Main:32 - 3220838 : <table>
  <tr>
    <th>City</th>
    <th>Landkreis München</th>
    <th></th>
  </tr>
  <tr>
    <td>Country</td>
    <td>DE</td>
    <td></td>
  </tr>
  <tr>
    <td>Condition</td>
    <td>light rain</td>
    <td></td>
  </tr>
  <tr>
    <td><br>Temperatur<br></td>
    <td>2,23</td>
    <td>°C</td>
  </tr>
  <tr>
    <td>Windspeed</td>
    <td>3.1</td>
    <td>km/h</td>
  </tr>
  <tr>
    <td>Wind direction</td>
    <td>NorthEast</td>
    <td></td>
  </tr>
  <tr>
    <td>Humidity</td>
    <td>93</td>
    <td>%</td>
  </tr>
  <tr>
    <td>Pressure</td>
    <td>1011</td>
    <td>hPa</td>
  </tr>
  <tr>
    <td>Clouds</td>
    <td>overcast clouds</td>
    <td></td>
  </tr>
</table>
2018-11-24 04:02:11 WARN  Main:31 - no CityID provided, using: 3220838
2018-11-24 04:02:11 INFO  OWMRetriever:49 - Retrieving OWMWeather Data
2018-11-24 04:02:12 INFO  Main:32 - 3220838 : <table>
  <tr>
    <th>City</th>
    <th>Landkreis München</th>
    <th></th>
  </tr>
  <tr>
    <td>Country</td>
    <td>DE</td>
    <td></td>
  </tr>
  <tr>
    <td>Condition</td>
    <td>light rain</td>
    <td></td>
  </tr>
  <tr>
    <td><br>Temperatur<br></td>
    <td>2,23</td>
    <td>°C</td>
  </tr>
  <tr>
    <td>Windspeed</td>
    <td>3.1</td>
    <td>km/h</td>
  </tr>
  <tr>
    <td>Wind direction</td>
    <td>NorthEast</td>
    <td></td>
  </tr>
  <tr>
    <td>Humidity</td>
    <td>93</td>
    <td>%</td>
  </tr>
  <tr>
    <td>Pressure</td>
    <td>1011</td>
    <td>hPa</td>
  </tr>
  <tr>
    <td>Clouds</td>
    <td>overcast clouds</td>
    <td></td>
  </tr>
</table>
2018-11-24 04:12:35 INFO  OWMRetriever:49 - Retrieving OWMWeather Data
2018-11-24 04:13:08 INFO  OWMRetriever:49 - Retrieving OWMWeather Data
2018-11-24 04:13:43 INFO  OWMRetriever:49 - Retrieving OWMWeather Data
2018-11-24 04:17:50 INFO  OWMRetriever:49 - Retrieving OWMWeather Data
2018-11-24 04:41:41 INFO  OWMRetriever:49 - Retrieving OWMWeather Data
2018-11-24 04:42:23 INFO  OWMRetriever:49 - Retrieving OWMWeather Data
2018-11-24 04:42:56 INFO  OWMRetriever:49 - Retrieving OWMWeather Data
2018-11-24 09:08:44 INFO  OWMRetriever:49 - Retrieving OWMWeather Data
2018-11-24 09:21:59 INFO  OWMRetriever:49 - Retrieving OWMWeather Data
2018-11-24 09:24:44 INFO  OWMRetriever:49 - Retrieving OWMWeather Data
2018-11-24 09:25:29 WARN  Main:35 - no CityID provided, using: 3220838
2018-11-24 09:25:29 INFO  OWMRetriever:49 - Retrieving OWMWeather Data
2018-11-24 09:25:29 INFO  Main:32 - 3220838 : <table>
  <tr>
    <th>City</th>
    <th>Landkreis München</th>
    <th></th>
  </tr>
  <tr>
    <td>Country</td>
    <td>DE</td>
    <td></td>
  </tr>
  <tr>
    <td>Condition</td>
    <td>light rain</td>
    <td></td>
  </tr>
  <tr>
    <td><br>Temperatur<br></td>
    <td>3,00</td>
    <td>°C</td>
  </tr>
  <tr>
    <td>Windspeed</td>
    <td>4.1</td>
    <td>km/h</td>
  </tr>
  <tr>
    <td>Wind direction</td>
    <td>West</td>
    <td></td>
  </tr>
  <tr>
    <td>Humidity</td>
    <td>100</td>
    <td>%</td>
  </tr>
  <tr>
    <td>Pressure</td>
    <td>1014</td>
    <td>hPa</td>
  </tr>
  <tr>
    <td>Clouds</td>
    <td>broken clouds</td>
    <td></td>
  </tr>
</table>
2018-11-24 09:29:45 INFO  OWMRetriever:49 - Retrieving OWMWeather Data
2018-11-24 09:44:37 INFO  OWMRetriever:49 - Retrieving OWMWeather Data
2018-11-24 09:50:55 INFO  OWMRetriever:49 - Retrieving OWMWeather Data
2018-11-24 10:00:05 INFO  OWMRetriever:49 - Retrieving OWMWeather Data
2018-11-24 10:01:14 INFO  OWMRetriever:49 - Retrieving OWMWeather Data
2018-11-24 10:02:15 INFO  OWMRetriever:49 - Retrieving OWMWeather Data
2018-11-24 10:20:58 INFO  OWMRetriever:49 - Retrieving OWMWeather Data
2018-11-24 10:22:20 INFO  OWMRetriever:49 - Retrieving OWMWeather Data
2018-11-24 10:23:03 INFO  OWMRetriever:49 - Retrieving OWMWeather Data
2018-11-24 10:28:52 INFO  OWMRetriever:49 - Retrieving OWMWeather Data
2018-11-24 10:33:27 INFO  OWMRetriever:49 - Retrieving OWMWeather Data
